<?xml version="1.0" encoding="UTF-8"?>
<!-- Generated by org.testng.reporters.JUnitXMLReporter -->
<testsuite ignored="0" hostname="Nabila-Mubeen-Dell" failures="0" tests="5" name="Default test" time="5.019" errors="0" timestamp="2024-10-04T16:21:16 PKT">
  <testcase classname="TestCases.DataDriventesting" name="DataDrivenTesting" time="2.33"/>
  <testcase classname="TestCases.DataDriventesting" name="DataDrivenTesting" time="0.405"/>
  <testcase classname="TestCases.DataDriventesting" name="DataDrivenTesting" time="0.878"/>
  <testcase classname="TestCases.DataDriventesting" name="DataDrivenTesting" time="0.482"/>
  <testcase classname="TestCases.DataDriventesting" name="DataDrivenTesting" time="0.407"/>
</testsuite> <!-- Default test -->
