<?xml version="1.0" encoding="UTF-8"?>
<testng-results ignored="0" total="5" passed="5" failed="0" skipped="0">
  <reporter-output>
  </reporter-output>
  <suite started-at="2024-10-04T16:21:11 PKT" name="Default suite" finished-at="2024-10-04T16:21:16 PKT" duration-ms="5019">
    <groups>
    </groups>
    <test started-at="2024-10-04T16:21:11 PKT" name="Default test" finished-at="2024-10-04T16:21:16 PKT" duration-ms="5019">
      <class name="TestCases.DataDriventesting">
        <test-method signature="DataDrivenTesting(java.util.Map)[pri:0, instance:TestCases.DataDriventesting@4a883b15]" started-at="2024-10-04T16:21:11 PKT" name="DataDrivenTesting" data-provider="ExcelTestData" finished-at="2024-10-04T16:21:14 PKT" duration-ms="2330" status="PASS">
          <params>
            <param index="0">
              <value>
                <![CDATA[{Email=Nabilamubeen@venturedive.com, First Name=Nabila, ID=1, Last Name=Mubeen, Run=Yes}]]>
              </value>
            </param>
          </params>
          <reporter-output>
          </reporter-output>
        </test-method> <!-- DataDrivenTesting -->
        <test-method signature="DataDrivenTesting(java.util.Map)[pri:0, instance:TestCases.DataDriventesting@4a883b15]" started-at="2024-10-04T16:21:14 PKT" name="DataDrivenTesting" data-provider="ExcelTestData" finished-at="2024-10-04T16:21:14 PKT" duration-ms="405" status="PASS">
          <params>
            <param index="0">
              <value>
                <![CDATA[{Email=Mubeenjamal@venturedive.com, First Name=Mubeen, ID=2, Last Name=Jamal, Run=Yes}]]>
              </value>
            </param>
          </params>
          <reporter-output>
          </reporter-output>
        </test-method> <!-- DataDrivenTesting -->
        <test-method signature="DataDrivenTesting(java.util.Map)[pri:0, instance:TestCases.DataDriventesting@4a883b15]" started-at="2024-10-04T16:21:14 PKT" name="DataDrivenTesting" data-provider="ExcelTestData" finished-at="2024-10-04T16:21:15 PKT" duration-ms="878" status="PASS">
          <params>
            <param index="0">
              <value>
                <![CDATA[{Email=Alifarhan@venturedive.com, First Name=Ali, ID=3, Last Name=Farhan, Run=Yes}]]>
              </value>
            </param>
          </params>
          <reporter-output>
          </reporter-output>
        </test-method> <!-- DataDrivenTesting -->
        <test-method signature="DataDrivenTesting(java.util.Map)[pri:0, instance:TestCases.DataDriventesting@4a883b15]" started-at="2024-10-04T16:21:15 PKT" name="DataDrivenTesting" data-provider="ExcelTestData" finished-at="2024-10-04T16:21:15 PKT" duration-ms="482" status="PASS">
          <params>
            <param index="0">
              <value>
                <![CDATA[{Email=israfatima@venturedive.com, First Name=Isra, ID=4, Last Name=Fatima, Run=Yes}]]>
              </value>
            </param>
          </params>
          <reporter-output>
          </reporter-output>
        </test-method> <!-- DataDrivenTesting -->
        <test-method signature="DataDrivenTesting(java.util.Map)[pri:0, instance:TestCases.DataDriventesting@4a883b15]" started-at="2024-10-04T16:21:15 PKT" name="DataDrivenTesting" data-provider="ExcelTestData" finished-at="2024-10-04T16:21:16 PKT" duration-ms="407" status="PASS">
          <params>
            <param index="0">
              <value>
                <![CDATA[{Email=laibaahmed@venturedive.com, First Name=Laiba, ID=5, Last Name=Ahmed, Run=Yes}]]>
              </value>
            </param>
          </params>
          <reporter-output>
          </reporter-output>
        </test-method> <!-- DataDrivenTesting -->
      </class> <!-- TestCases.DataDriventesting -->
    </test> <!-- Default test -->
  </suite> <!-- Default suite -->
</testng-results>
